<?xml version="1.0" encoding="UTF-8"?>
<!-- Generated by org.testng.reporters.JUnitXMLReporter -->
<testsuite ignored="0" hostname="LAPTOP-OOE9R8DK" failures="0" tests="6" name="Test" time="232.24" errors="0" timestamp="2024-07-20T10:54:59 IST">
  <testcase classname="Testng2.ShoesPuma" name="puma" time="52.382"/>
  <testcase classname="Testng1.BikeFZ" name="Fz" time="17.572"/>
  <testcase classname="Testng2.ShoesNike" name="nike" time="49.429"/>
  <testcase classname="Testng1.BikeAvenger" name="avenger" time="18.787"/>
  <testcase classname="Testng2.ShoesCampus" name="campus" time="43.519"/>
  <testcase classname="Testng1.BikeBMW" name="bmw" time="50.282"/>
</testsuite> <!-- Test -->
