<?xml version="1.0" encoding="UTF-8"?>
<testng-results ignored="0" total="1" passed="1" failed="0" skipped="0">
  <reporter-output>
  </reporter-output>
  <suite started-at="2024-07-29T11:10:53 IST" name="Default suite" finished-at="2024-07-29T11:10:56 IST" duration-ms="3113">
    <groups>
    </groups>
    <test started-at="2024-07-29T11:10:53 IST" name="Default test" finished-at="2024-07-29T11:10:56 IST" duration-ms="3113">
      <class name="extentReport.SampleReport">
        <test-method signature="BasicReport()[pri:0, instance:extentReport.SampleReport@7b36aa0c]" started-at="2024-07-29T11:10:53 IST" name="BasicReport" finished-at="2024-07-29T11:10:56 IST" duration-ms="2867" status="PASS">
          <reporter-output>
          </reporter-output>
        </test-method> <!-- BasicReport -->
      </class> <!-- extentReport.SampleReport -->
    </test> <!-- Default test -->
  </suite> <!-- Default suite -->
</testng-results>
