<?xml version="1.0" encoding="UTF-8"?>
<!-- Generated by org.testng.reporters.JUnitReportReporter -->
<testsuite hostname="LAPTOP-OOE9R8DK" failures="0" tests="1" name="Testng1.BikeBMW" time="50.282" errors="0" timestamp="2024-07-20T10:55:02 IST" skipped="0">
  <testcase classname="Testng1.BikeBMW" name="bmw" time="50.282">
    <system-out>
      <![CDATA[bmw
onTestSuccess]]>
    </system-out>
  </testcase> <!-- bmw -->
  <system-out>
    <![CDATA[onStart
puma
onTestSuccess
Fz
onTestSuccess
nike
onTestSuccess
avenger
onTestSuccess
campus
onTestSuccess
bmw
onTestSuccess]]>
  </system-out>
</testsuite> <!-- Testng1.BikeBMW -->
